Build started 12/28/2022 9:01:19 PM.
     1>Project "C:\Users\Sedra\documents\visual studio 2013\Projects\The legeend\The legeend\The legeend.vcxproj" on node 2 (Build target(s)).
     1>ClCompile:
         C:\Program Files (x86)\Microsoft Visual C++ Compiler Nov 2013 CTP\bin\CL.exe /c /I"C:\Users\Sedra\Documents\Visual Studio 2013\Projects\The legeend\The legeend\include\freetype2" /I"C:\Users\Sedra\Documents\Visual Studio 2013\Projects\The legeend\The legeend\include" /ZI /nologo /W3 /WX- /Od /Oy- /D WIN32 /D _DEBUG /D _CONSOLE /D _LIB /D _MBCS /Gm /EHsc /RTC1 /MDd /GS /fp:precise /Zc:wchar_t /Zc:forScope /Fo"Debug\\" /Fd"Debug\vc120.pdb" /Gd /TP /analyze- /errorReport:prompt "017-heightmap-pt2-from-image-and-skybox.cpp"
         017-heightmap-pt2-from-image-and-skybox.cpp
       Link:
         C:\Program Files (x86)\Microsoft Visual C++ Compiler Nov 2013 CTP\bin\link.exe /ERRORREPORT:PROMPT /OUT:"C:\Users\Sedra\documents\visual studio 2013\Projects\The legeend\Debug\The legeend.exe" /INCREMENTAL /NOLOGO freetype.lib glfw3.lib opengl32.lib glu32.lib freeglut.lib glew32.lib kernel32.lib user32.lib gdi32.lib winspool.lib comdlg32.lib advapi32.lib shell32.lib ole32.lib oleaut32.lib uuid.lib odbc32.lib odbccp32.lib /MANIFEST /MANIFESTUAC:"level='asInvoker' uiAccess='false'" /manifest:embed /DEBUG /PDB:"C:\Users\Sedra\documents\visual studio 2013\Projects\The legeend\Debug\The legeend.pdb" /SUBSYSTEM:CONSOLE /TLBID:1 /DYNAMICBASE /NXCOMPAT /IMPLIB:"C:\Users\Sedra\documents\visual studio 2013\Projects\The legeend\Debug\The legeend.lib" /MACHINE:X86 "Debug\017-heightmap-pt2-from-image-and-skybox.obj"
         Debug\flyingCamera.obj
         Debug\freeTypeFont.obj
         Debug\freeTypeFontManager.obj
         Debug\HUD.obj
         Debug\matrixManager.obj
         Debug\OpenGLWindow.obj
         Debug\sampler.obj
         Debug\samplerManager.obj
         Debug\shader.obj
         Debug\shaderManager.obj
         Debug\shaderProgram.obj
         Debug\shaderProgramManager.obj
         Debug\ambientLight.obj
         Debug\diffuseLight.obj
         Debug\shaderStruct.obj
         Debug\staticGeometry.obj
         Debug\quad.obj
         Debug\staticMesh2D.obj
         Debug\heightmap.obj
         Debug\plainGround.obj
         Debug\cube.obj
         Debug\pyramid.obj
         Debug\torus.obj
         Debug\skybox.obj
         Debug\staticMesh3D.obj
         Debug\staticMeshIndexed3D.obj
         Debug\texture.obj
         Debug\textureManager.obj
         Debug\uniform.obj
         Debug\vertexBufferObject.obj
         Debug\HUD017.obj
         Debug\glad.obj
         Debug\main.obj
     1>glfw3.lib(context.obj) : warning LNK4099: PDB 'vc120.pdb' was not found with 'glfw3.lib(context.obj)' or at 'C:\Users\Sedra\documents\visual studio 2013\Projects\The legeend\Debug\vc120.pdb'; linking object as if no debug info
     1>glfw3.lib(init.obj) : warning LNK4099: PDB 'vc120.pdb' was not found with 'glfw3.lib(init.obj)' or at 'C:\Users\Sedra\documents\visual studio 2013\Projects\The legeend\Debug\vc120.pdb'; linking object as if no debug info
     1>glfw3.lib(input.obj) : warning LNK4099: PDB 'vc120.pdb' was not found with 'glfw3.lib(input.obj)' or at 'C:\Users\Sedra\documents\visual studio 2013\Projects\The legeend\Debug\vc120.pdb'; linking object as if no debug info
     1>glfw3.lib(monitor.obj) : warning LNK4099: PDB 'vc120.pdb' was not found with 'glfw3.lib(monitor.obj)' or at 'C:\Users\Sedra\documents\visual studio 2013\Projects\The legeend\Debug\vc120.pdb'; linking object as if no debug info
     1>glfw3.lib(vulkan.obj) : warning LNK4099: PDB 'vc120.pdb' was not found with 'glfw3.lib(vulkan.obj)' or at 'C:\Users\Sedra\documents\visual studio 2013\Projects\The legeend\Debug\vc120.pdb'; linking object as if no debug info
     1>glfw3.lib(window.obj) : warning LNK4099: PDB 'vc120.pdb' was not found with 'glfw3.lib(window.obj)' or at 'C:\Users\Sedra\documents\visual studio 2013\Projects\The legeend\Debug\vc120.pdb'; linking object as if no debug info
     1>glfw3.lib(win32_init.obj) : warning LNK4099: PDB 'vc120.pdb' was not found with 'glfw3.lib(win32_init.obj)' or at 'C:\Users\Sedra\documents\visual studio 2013\Projects\The legeend\Debug\vc120.pdb'; linking object as if no debug info
     1>glfw3.lib(win32_joystick.obj) : warning LNK4099: PDB 'vc120.pdb' was not found with 'glfw3.lib(win32_joystick.obj)' or at 'C:\Users\Sedra\documents\visual studio 2013\Projects\The legeend\Debug\vc120.pdb'; linking object as if no debug info
     1>glfw3.lib(win32_monitor.obj) : warning LNK4099: PDB 'vc120.pdb' was not found with 'glfw3.lib(win32_monitor.obj)' or at 'C:\Users\Sedra\documents\visual studio 2013\Projects\The legeend\Debug\vc120.pdb'; linking object as if no debug info
     1>glfw3.lib(win32_time.obj) : warning LNK4099: PDB 'vc120.pdb' was not found with 'glfw3.lib(win32_time.obj)' or at 'C:\Users\Sedra\documents\visual studio 2013\Projects\The legeend\Debug\vc120.pdb'; linking object as if no debug info
     1>glfw3.lib(win32_thread.obj) : warning LNK4099: PDB 'vc120.pdb' was not found with 'glfw3.lib(win32_thread.obj)' or at 'C:\Users\Sedra\documents\visual studio 2013\Projects\The legeend\Debug\vc120.pdb'; linking object as if no debug info
     1>glfw3.lib(win32_window.obj) : warning LNK4099: PDB 'vc120.pdb' was not found with 'glfw3.lib(win32_window.obj)' or at 'C:\Users\Sedra\documents\visual studio 2013\Projects\The legeend\Debug\vc120.pdb'; linking object as if no debug info
     1>glfw3.lib(wgl_context.obj) : warning LNK4099: PDB 'vc120.pdb' was not found with 'glfw3.lib(wgl_context.obj)' or at 'C:\Users\Sedra\documents\visual studio 2013\Projects\The legeend\Debug\vc120.pdb'; linking object as if no debug info
     1>glfw3.lib(egl_context.obj) : warning LNK4099: PDB 'vc120.pdb' was not found with 'glfw3.lib(egl_context.obj)' or at 'C:\Users\Sedra\documents\visual studio 2013\Projects\The legeend\Debug\vc120.pdb'; linking object as if no debug info
     1>glfw3.lib(osmesa_context.obj) : warning LNK4099: PDB 'vc120.pdb' was not found with 'glfw3.lib(osmesa_context.obj)' or at 'C:\Users\Sedra\documents\visual studio 2013\Projects\The legeend\Debug\vc120.pdb'; linking object as if no debug info
         The legeend.vcxproj -> C:\Users\Sedra\documents\visual studio 2013\Projects\The legeend\Debug\The legeend.exe
     1>Done Building Project "C:\Users\Sedra\documents\visual studio 2013\Projects\The legeend\The legeend\The legeend.vcxproj" (Build target(s)).

Build succeeded.

Time Elapsed 00:00:06.64
